Created by PLY version 3.11 (http://www.dabeaz.com/ply)

Unused terminals:

    DEF
    ELIF
    ELSE
    FOR
    IF
    WHILE

Grammar

Rule 0     S' -> statement
Rule 1     statement -> INT ID
Rule 2     statement -> ID = expression
Rule 3     statement -> expression
Rule 4     expression -> expression + expression
Rule 5     expression -> expression - expression
Rule 6     expression -> expression * expression
Rule 7     expression -> expression / expression
Rule 8     expression -> - expression
Rule 9     expression -> ( expression )
Rule 10    expression -> NUMBER
Rule 11    expression -> ID

Terminals, with rules where they appear

(                    : 9
)                    : 9
*                    : 6
+                    : 4
-                    : 5 8
/                    : 7
=                    : 2
DEF                  : 
ELIF                 : 
ELSE                 : 
FOR                  : 
ID                   : 1 2 11
IF                   : 
INT                  : 1
NUMBER               : 10
WHILE                : 
error                : 

Nonterminals, with rules where they appear

expression           : 2 3 4 4 5 5 6 6 7 7 8 9
statement            : 0

Parsing method: LALR

state 0

    (0) S' -> . statement
    (1) statement -> . INT ID
    (2) statement -> . ID = expression
    (3) statement -> . expression
    (4) expression -> . expression + expression
    (5) expression -> . expression - expression
    (6) expression -> . expression * expression
    (7) expression -> . expression / expression
    (8) expression -> . - expression
    (9) expression -> . ( expression )
    (10) expression -> . NUMBER
    (11) expression -> . ID

    INT             shift and go to state 2
    ID              shift and go to state 3
    -               shift and go to state 5
    (               shift and go to state 6
    NUMBER          shift and go to state 7

    statement                      shift and go to state 1
    expression                     shift and go to state 4

state 1

    (0) S' -> statement .



state 2

    (1) statement -> INT . ID

    ID              shift and go to state 8


state 3

    (2) statement -> ID . = expression
    (11) expression -> ID .

    =               shift and go to state 9
    +               reduce using rule 11 (expression -> ID .)
    -               reduce using rule 11 (expression -> ID .)
    *               reduce using rule 11 (expression -> ID .)
    /               reduce using rule 11 (expression -> ID .)
    $end            reduce using rule 11 (expression -> ID .)


state 4

    (3) statement -> expression .
    (4) expression -> expression . + expression
    (5) expression -> expression . - expression
    (6) expression -> expression . * expression
    (7) expression -> expression . / expression

    $end            reduce using rule 3 (statement -> expression .)
    +               shift and go to state 10
    -               shift and go to state 11
    *               shift and go to state 12
    /               shift and go to state 13


state 5

    (8) expression -> - . expression
    (4) expression -> . expression + expression
    (5) expression -> . expression - expression
    (6) expression -> . expression * expression
    (7) expression -> . expression / expression
    (8) expression -> . - expression
    (9) expression -> . ( expression )
    (10) expression -> . NUMBER
    (11) expression -> . ID

    -               shift and go to state 5
    (               shift and go to state 6
    NUMBER          shift and go to state 7
    ID              shift and go to state 15

    expression                     shift and go to state 14

state 6

    (9) expression -> ( . expression )
    (4) expression -> . expression + expression
    (5) expression -> . expression - expression
    (6) expression -> . expression * expression
    (7) expression -> . expression / expression
    (8) expression -> . - expression
    (9) expression -> . ( expression )
    (10) expression -> . NUMBER
    (11) expression -> . ID

    -               shift and go to state 5
    (               shift and go to state 6
    NUMBER          shift and go to state 7
    ID              shift and go to state 15

    expression                     shift and go to state 16

state 7

    (10) expression -> NUMBER .

    +               reduce using rule 10 (expression -> NUMBER .)
    -               reduce using rule 10 (expression -> NUMBER .)
    *               reduce using rule 10 (expression -> NUMBER .)
    /               reduce using rule 10 (expression -> NUMBER .)
    $end            reduce using rule 10 (expression -> NUMBER .)
    )               reduce using rule 10 (expression -> NUMBER .)


state 8

    (1) statement -> INT ID .

    $end            reduce using rule 1 (statement -> INT ID .)


state 9

    (2) statement -> ID = . expression
    (4) expression -> . expression + expression
    (5) expression -> . expression - expression
    (6) expression -> . expression * expression
    (7) expression -> . expression / expression
    (8) expression -> . - expression
    (9) expression -> . ( expression )
    (10) expression -> . NUMBER
    (11) expression -> . ID

    -               shift and go to state 5
    (               shift and go to state 6
    NUMBER          shift and go to state 7
    ID              shift and go to state 15

    expression                     shift and go to state 17

state 10

    (4) expression -> expression + . expression
    (4) expression -> . expression + expression
    (5) expression -> . expression - expression
    (6) expression -> . expression * expression
    (7) expression -> . expression / expression
    (8) expression -> . - expression
    (9) expression -> . ( expression )
    (10) expression -> . NUMBER
    (11) expression -> . ID

    -               shift and go to state 5
    (               shift and go to state 6
    NUMBER          shift and go to state 7
    ID              shift and go to state 15

    expression                     shift and go to state 18

state 11

    (5) expression -> expression - . expression
    (4) expression -> . expression + expression
    (5) expression -> . expression - expression
    (6) expression -> . expression * expression
    (7) expression -> . expression / expression
    (8) expression -> . - expression
    (9) expression -> . ( expression )
    (10) expression -> . NUMBER
    (11) expression -> . ID

    -               shift and go to state 5
    (               shift and go to state 6
    NUMBER          shift and go to state 7
    ID              shift and go to state 15

    expression                     shift and go to state 19

state 12

    (6) expression -> expression * . expression
    (4) expression -> . expression + expression
    (5) expression -> . expression - expression
    (6) expression -> . expression * expression
    (7) expression -> . expression / expression
    (8) expression -> . - expression
    (9) expression -> . ( expression )
    (10) expression -> . NUMBER
    (11) expression -> . ID

    -               shift and go to state 5
    (               shift and go to state 6
    NUMBER          shift and go to state 7
    ID              shift and go to state 15

    expression                     shift and go to state 20

state 13

    (7) expression -> expression / . expression
    (4) expression -> . expression + expression
    (5) expression -> . expression - expression
    (6) expression -> . expression * expression
    (7) expression -> . expression / expression
    (8) expression -> . - expression
    (9) expression -> . ( expression )
    (10) expression -> . NUMBER
    (11) expression -> . ID

    -               shift and go to state 5
    (               shift and go to state 6
    NUMBER          shift and go to state 7
    ID              shift and go to state 15

    expression                     shift and go to state 21

state 14

    (8) expression -> - expression .
    (4) expression -> expression . + expression
    (5) expression -> expression . - expression
    (6) expression -> expression . * expression
    (7) expression -> expression . / expression

    +               reduce using rule 8 (expression -> - expression .)
    -               reduce using rule 8 (expression -> - expression .)
    *               reduce using rule 8 (expression -> - expression .)
    /               reduce using rule 8 (expression -> - expression .)
    $end            reduce using rule 8 (expression -> - expression .)
    )               reduce using rule 8 (expression -> - expression .)

  ! +               [ shift and go to state 10 ]
  ! -               [ shift and go to state 11 ]
  ! *               [ shift and go to state 12 ]
  ! /               [ shift and go to state 13 ]


state 15

    (11) expression -> ID .

    +               reduce using rule 11 (expression -> ID .)
    -               reduce using rule 11 (expression -> ID .)
    *               reduce using rule 11 (expression -> ID .)
    /               reduce using rule 11 (expression -> ID .)
    $end            reduce using rule 11 (expression -> ID .)
    )               reduce using rule 11 (expression -> ID .)


state 16

    (9) expression -> ( expression . )
    (4) expression -> expression . + expression
    (5) expression -> expression . - expression
    (6) expression -> expression . * expression
    (7) expression -> expression . / expression

    )               shift and go to state 22
    +               shift and go to state 10
    -               shift and go to state 11
    *               shift and go to state 12
    /               shift and go to state 13


state 17

    (2) statement -> ID = expression .
    (4) expression -> expression . + expression
    (5) expression -> expression . - expression
    (6) expression -> expression . * expression
    (7) expression -> expression . / expression

    $end            reduce using rule 2 (statement -> ID = expression .)
    +               shift and go to state 10
    -               shift and go to state 11
    *               shift and go to state 12
    /               shift and go to state 13


state 18

    (4) expression -> expression + expression .
    (4) expression -> expression . + expression
    (5) expression -> expression . - expression
    (6) expression -> expression . * expression
    (7) expression -> expression . / expression

    +               reduce using rule 4 (expression -> expression + expression .)
    -               reduce using rule 4 (expression -> expression + expression .)
    $end            reduce using rule 4 (expression -> expression + expression .)
    )               reduce using rule 4 (expression -> expression + expression .)
    *               shift and go to state 12
    /               shift and go to state 13

  ! *               [ reduce using rule 4 (expression -> expression + expression .) ]
  ! /               [ reduce using rule 4 (expression -> expression + expression .) ]
  ! +               [ shift and go to state 10 ]
  ! -               [ shift and go to state 11 ]


state 19

    (5) expression -> expression - expression .
    (4) expression -> expression . + expression
    (5) expression -> expression . - expression
    (6) expression -> expression . * expression
    (7) expression -> expression . / expression

    +               reduce using rule 5 (expression -> expression - expression .)
    -               reduce using rule 5 (expression -> expression - expression .)
    $end            reduce using rule 5 (expression -> expression - expression .)
    )               reduce using rule 5 (expression -> expression - expression .)
    *               shift and go to state 12
    /               shift and go to state 13

  ! *               [ reduce using rule 5 (expression -> expression - expression .) ]
  ! /               [ reduce using rule 5 (expression -> expression - expression .) ]
  ! +               [ shift and go to state 10 ]
  ! -               [ shift and go to state 11 ]


state 20

    (6) expression -> expression * expression .
    (4) expression -> expression . + expression
    (5) expression -> expression . - expression
    (6) expression -> expression . * expression
    (7) expression -> expression . / expression

    +               reduce using rule 6 (expression -> expression * expression .)
    -               reduce using rule 6 (expression -> expression * expression .)
    *               reduce using rule 6 (expression -> expression * expression .)
    /               reduce using rule 6 (expression -> expression * expression .)
    $end            reduce using rule 6 (expression -> expression * expression .)
    )               reduce using rule 6 (expression -> expression * expression .)

  ! +               [ shift and go to state 10 ]
  ! -               [ shift and go to state 11 ]
  ! *               [ shift and go to state 12 ]
  ! /               [ shift and go to state 13 ]


state 21

    (7) expression -> expression / expression .
    (4) expression -> expression . + expression
    (5) expression -> expression . - expression
    (6) expression -> expression . * expression
    (7) expression -> expression . / expression

    +               reduce using rule 7 (expression -> expression / expression .)
    -               reduce using rule 7 (expression -> expression / expression .)
    *               reduce using rule 7 (expression -> expression / expression .)
    /               reduce using rule 7 (expression -> expression / expression .)
    $end            reduce using rule 7 (expression -> expression / expression .)
    )               reduce using rule 7 (expression -> expression / expression .)

  ! +               [ shift and go to state 10 ]
  ! -               [ shift and go to state 11 ]
  ! *               [ shift and go to state 12 ]
  ! /               [ shift and go to state 13 ]


state 22

    (9) expression -> ( expression ) .

    +               reduce using rule 9 (expression -> ( expression ) .)
    -               reduce using rule 9 (expression -> ( expression ) .)
    *               reduce using rule 9 (expression -> ( expression ) .)
    /               reduce using rule 9 (expression -> ( expression ) .)
    $end            reduce using rule 9 (expression -> ( expression ) .)
    )               reduce using rule 9 (expression -> ( expression ) .)

